  main.cpp
C:\Program Files (x86)\Windows Kits\10\Include\10.0.19041.0\shared\minwindef.h(130,1): warning C4005: APIENTRY: изменение макроопределения
D:\OpenGLgame\Stonok3000\Stonok3000\libraries\GL\glfw3.h(123): message : см. предыдущее определение "APIENTRY"
D:\OpenGLgame\Stonok3000\Stonok3000\src\Model.h(6,10): warning C4067: непредвиденные лексемы за директивой препроцессора, требуется newline
D:\OpenGLgame\Stonok3000\Stonok3000\src\main.cpp(78,74): warning C4244: +=: преобразование "double" в "T", возможна потеря данных
          with
          [
              T=float
          ]
D:\OpenGLgame\Stonok3000\Stonok3000\src\main.cpp(79,74): warning C4244: +=: преобразование "double" в "T", возможна потеря данных
          with
          [
              T=float
          ]
D:\OpenGLgame\Stonok3000\Stonok3000\src\main.cpp(103,13): warning C4244: =: преобразование "double" в "float", возможна потеря данных
  Model.cpp
D:\OpenGLgame\Stonok3000\Stonok3000\src\Model.h(6,10): warning C4067: непредвиденные лексемы за директивой препроцессора, требуется newline
  shader.cpp
  Создание кода
  Previous IPDB not found, fall back to full compilation.
  All 325 functions were compiled because no usable IPDB/IOBJ from previous compilation was found.
  Создание кода завершено
  Stonok3000.vcxproj -> D:\OpenGLgame\Stonok3000\Release\Stonok3000.exe
