c:\users\orksc\source\repos\stonok3000\stonok3000\debug\vc142.pdb
c:\users\orksc\source\repos\stonok3000\stonok3000\debug\vc142.idb
c:\users\orksc\source\repos\stonok3000\stonok3000\debug\main.obj
d:\openglgame\stonok3000\stonok3000\debug\vc142.pdb
d:\openglgame\stonok3000\stonok3000\debug\vc142.idb
d:\openglgame\stonok3000\stonok3000\debug\shader.obj
d:\openglgame\stonok3000\stonok3000\debug\model.obj
d:\openglgame\stonok3000\stonok3000\debug\main.obj
c:\users\orksc\source\repos\stonok3000\debug\stonok3000.exe
c:\users\orksc\source\repos\stonok3000\stonok3000\debug\stonok3000.ilk
c:\users\orksc\source\repos\stonok3000\debug\stonok3000.pdb
d:\openglgame\stonok3000\debug\stonok3000.exe
d:\openglgame\stonok3000\stonok3000\debug\stonok3000.ilk
d:\openglgame\stonok3000\debug\stonok3000.pdb
d:\openglgame\stonok3000\stonok3000\debug\stping.obj
d:\openglgame\stonok3000\stonok3000\debug\main.obj.enc
d:\openglgame\stonok3000\stonok3000\debug\stonok3000.tlog\cl.command.1.tlog
d:\openglgame\stonok3000\stonok3000\debug\stonok3000.tlog\cl.read.1.tlog
d:\openglgame\stonok3000\stonok3000\debug\stonok3000.tlog\cl.write.1.tlog
d:\openglgame\stonok3000\stonok3000\debug\stonok3000.tlog\link.command.1.tlog
d:\openglgame\stonok3000\stonok3000\debug\stonok3000.tlog\link.read.1.tlog
d:\openglgame\stonok3000\stonok3000\debug\stonok3000.tlog\link.write.1.tlog
